<?xml version="1.0" encoding="UTF-8"?>
<testng-results skipped="0" failed="0" total="2" passed="2">
  <reporter-output>
  </reporter-output>
  <suite name="Default suite" duration-ms="23953" started-at="2017-03-20T09:30:33Z" finished-at="2017-03-20T09:30:57Z">
    <groups>
    </groups>
    <test name="Default test" duration-ms="23953" started-at="2017-03-20T09:30:33Z" finished-at="2017-03-20T09:30:57Z">
      <class name="Extentreports.TestCase2">
        <test-method status="PASS" signature="before()[pri:0, instance:Extentreports.TestCase2@73ad2d6]" name="before" is-config="true" duration-ms="164" started-at="2017-03-20T18:30:33Z" finished-at="2017-03-20T18:30:33Z">
          <reporter-output>
          </reporter-output>
        </test-method> <!-- before -->
        <test-method status="PASS" signature="testCase2()[pri:0, instance:Extentreports.TestCase2@73ad2d6]" name="testCase2" duration-ms="12029" started-at="2017-03-20T18:30:33Z" finished-at="2017-03-20T18:30:45Z">
          <reporter-output>
          </reporter-output>
        </test-method> <!-- testCase2 -->
        <test-method status="PASS" signature="tearDown(org.testng.ITestResult)[pri:0, instance:Extentreports.TestCase2@73ad2d6]" name="tearDown" is-config="true" duration-ms="370" started-at="2017-03-20T18:30:45Z" finished-at="2017-03-20T18:30:46Z">
          <params>
            <param index="0">
              <value>
                <![CDATA[[TestResult name=testCase2 status=SUCCESS method=TestCase2.testCase2()[pri:0, instance:Extentreports.TestCase2@73ad2d6] output={null}]]]>
              </value>
            </param>
          </params>
          <reporter-output>
          </reporter-output>
        </test-method> <!-- tearDown -->
      </class> <!-- Extentreports.TestCase2 -->
      <class name="Extentreports.TestCase1">
        <test-method status="PASS" signature="before()[pri:0, instance:Extentreports.TestCase1@598067a5]" name="before" is-config="true" duration-ms="0" started-at="2017-03-20T18:30:46Z" finished-at="2017-03-20T18:30:46Z">
          <reporter-output>
          </reporter-output>
        </test-method> <!-- before -->
        <test-method status="PASS" signature="testCase2()[pri:0, instance:Extentreports.TestCase1@598067a5]" name="testCase2" duration-ms="11239" started-at="2017-03-20T18:30:46Z" finished-at="2017-03-20T18:30:57Z">
          <reporter-output>
          </reporter-output>
        </test-method> <!-- testCase2 -->
        <test-method status="PASS" signature="tearDown(org.testng.ITestResult)[pri:0, instance:Extentreports.TestCase1@598067a5]" name="tearDown" is-config="true" duration-ms="137" started-at="2017-03-20T18:30:57Z" finished-at="2017-03-20T18:30:57Z">
          <params>
            <param index="0">
              <value>
                <![CDATA[[TestResult name=testCase2 status=SUCCESS method=TestCase1.testCase2()[pri:0, instance:Extentreports.TestCase1@598067a5] output={null}]]]>
              </value>
            </param>
          </params>
          <reporter-output>
          </reporter-output>
        </test-method> <!-- tearDown -->
      </class> <!-- Extentreports.TestCase1 -->
    </test> <!-- Default test -->
  </suite> <!-- Default suite -->
</testng-results>
